mode: set
github.com/NarthurN/SimpleChat/chatServer/cmd/server/main.go:27.22,31.2 1 1
github.com/NarthurN/SimpleChat/chatServer/cmd/server/main.go:34.48,38.49 3 1
github.com/NarthurN/SimpleChat/chatServer/cmd/server/main.go:38.49,40.3 1 1
github.com/NarthurN/SimpleChat/chatServer/cmd/server/main.go:42.2,43.12 2 1
github.com/NarthurN/SimpleChat/chatServer/cmd/server/main.go:47.42,52.2 3 1
github.com/NarthurN/SimpleChat/chatServer/cmd/server/main.go:55.63,59.38 3 1
github.com/NarthurN/SimpleChat/chatServer/cmd/server/main.go:59.38,60.25 1 1
github.com/NarthurN/SimpleChat/chatServer/cmd/server/main.go:60.25,62.18 2 0
github.com/NarthurN/SimpleChat/chatServer/cmd/server/main.go:62.18,64.5 1 0
github.com/NarthurN/SimpleChat/chatServer/cmd/server/main.go:69.63,73.47 3 0
github.com/NarthurN/SimpleChat/chatServer/cmd/server/main.go:73.47,76.6 2 0
github.com/NarthurN/SimpleChat/chatServer/cmd/server/main.go:76.11,78.54 1 0
github.com/NarthurN/SimpleChat/chatServer/cmd/server/main.go:78.54,80.10 1 0
github.com/NarthurN/SimpleChat/chatServer/cmd/server/main.go:84.13,90.16 3 0
github.com/NarthurN/SimpleChat/chatServer/cmd/server/main.go:90.16,92.3 1 0
github.com/NarthurN/SimpleChat/chatServer/cmd/server/main.go:95.2,95.15 1 0
github.com/NarthurN/SimpleChat/chatServer/cmd/server/main.go:95.15,96.48 1 0
github.com/NarthurN/SimpleChat/chatServer/cmd/server/main.go:96.48,98.4 1 0
github.com/NarthurN/SimpleChat/chatServer/cmd/server/main.go:101.2,104.6 2 0
github.com/NarthurN/SimpleChat/chatServer/cmd/server/main.go:104.6,106.17 2 0
github.com/NarthurN/SimpleChat/chatServer/cmd/server/main.go:106.17,108.12 2 0
github.com/NarthurN/SimpleChat/chatServer/cmd/server/main.go:111.3,111.30 1 0
github.com/NarthurN/SimpleChat/chatServer/cmd/server/main.go:116.46,117.15 1 1
github.com/NarthurN/SimpleChat/chatServer/cmd/server/main.go:117.15,118.38 1 1
github.com/NarthurN/SimpleChat/chatServer/cmd/server/main.go:118.38,120.4 1 0
github.com/NarthurN/SimpleChat/chatServer/cmd/server/main.go:123.2,128.16 4 1
github.com/NarthurN/SimpleChat/chatServer/cmd/server/main.go:128.16,131.3 2 0
github.com/NarthurN/SimpleChat/chatServer/cmd/server/main.go:134.2,135.65 2 1
github.com/NarthurN/SimpleChat/chatServer/cmd/server/main.go:135.65,138.3 2 0
github.com/NarthurN/SimpleChat/chatServer/cmd/server/main.go:139.2,147.47 3 1
github.com/NarthurN/SimpleChat/chatServer/cmd/server/main.go:147.47,150.3 2 0
github.com/NarthurN/SimpleChat/chatServer/cmd/server/main.go:151.2,154.15 2 1
github.com/NarthurN/SimpleChat/chatServer/cmd/server/main.go:154.15,158.3 3 1
github.com/NarthurN/SimpleChat/chatServer/cmd/server/main.go:160.2,163.6 2 1
github.com/NarthurN/SimpleChat/chatServer/cmd/server/main.go:163.6,165.17 2 1
github.com/NarthurN/SimpleChat/chatServer/cmd/server/main.go:165.17,166.21 1 0
github.com/NarthurN/SimpleChat/chatServer/cmd/server/main.go:166.21,168.5 1 0
github.com/NarthurN/SimpleChat/chatServer/cmd/server/main.go:168.10,170.5 1 0
github.com/NarthurN/SimpleChat/chatServer/cmd/server/main.go:171.4,171.10 1 0
github.com/NarthurN/SimpleChat/chatServer/cmd/server/main.go:175.3,176.27 2 1
github.com/NarthurN/SimpleChat/chatServer/cmd/server/main.go:176.27,177.12 1 0
github.com/NarthurN/SimpleChat/chatServer/cmd/server/main.go:181.3,184.18 3 1
github.com/NarthurN/SimpleChat/chatServer/cmd/server/main.go:185.14,187.40 2 1
github.com/NarthurN/SimpleChat/chatServer/cmd/server/main.go:187.40,189.13 2 0
github.com/NarthurN/SimpleChat/chatServer/cmd/server/main.go:191.4,193.41 3 1
github.com/NarthurN/SimpleChat/chatServer/cmd/server/main.go:194.16,196.22 2 0
github.com/NarthurN/SimpleChat/chatServer/cmd/server/main.go:196.22,198.13 2 0
github.com/NarthurN/SimpleChat/chatServer/cmd/server/main.go:200.4,202.54 3 0
github.com/NarthurN/SimpleChat/chatServer/cmd/server/main.go:203.15,204.10 1 1
github.com/NarthurN/SimpleChat/chatServer/cmd/server/main.go:205.11,206.85 1 0
github.com/NarthurN/SimpleChat/chatClient/cmd/client/main.go:16.37,18.6 2 0
github.com/NarthurN/SimpleChat/chatClient/cmd/client/main.go:18.6,20.17 2 0
github.com/NarthurN/SimpleChat/chatClient/cmd/client/main.go:20.17,21.21 1 0
github.com/NarthurN/SimpleChat/chatClient/cmd/client/main.go:21.21,23.5 1 0
github.com/NarthurN/SimpleChat/chatClient/cmd/client/main.go:23.10,25.5 1 0
github.com/NarthurN/SimpleChat/chatClient/cmd/client/main.go:26.4,26.14 1 0
github.com/NarthurN/SimpleChat/chatClient/cmd/client/main.go:30.3,33.22 3 0
github.com/NarthurN/SimpleChat/chatClient/cmd/client/main.go:33.22,37.50 3 0
github.com/NarthurN/SimpleChat/chatClient/cmd/client/main.go:37.50,39.18 2 0
github.com/NarthurN/SimpleChat/chatClient/cmd/client/main.go:39.18,45.6 4 0
github.com/NarthurN/SimpleChat/chatClient/cmd/client/main.go:45.11,48.6 1 0
github.com/NarthurN/SimpleChat/chatClient/cmd/client/main.go:49.10,49.33 1 0
github.com/NarthurN/SimpleChat/chatClient/cmd/client/main.go:49.33,51.5 1 0
github.com/NarthurN/SimpleChat/chatClient/cmd/client/main.go:51.10,56.5 2 0
github.com/NarthurN/SimpleChat/chatClient/cmd/client/main.go:57.9,59.4 1 0
github.com/NarthurN/SimpleChat/chatClient/cmd/client/main.go:63.13,65.16 2 0
github.com/NarthurN/SimpleChat/chatClient/cmd/client/main.go:65.16,67.3 1 0
github.com/NarthurN/SimpleChat/chatClient/cmd/client/main.go:69.2,69.15 1 0
github.com/NarthurN/SimpleChat/chatClient/cmd/client/main.go:69.15,70.38 1 0
github.com/NarthurN/SimpleChat/chatClient/cmd/client/main.go:70.38,72.4 1 0
github.com/NarthurN/SimpleChat/chatClient/cmd/client/main.go:75.2,78.6 3 0
github.com/NarthurN/SimpleChat/chatClient/cmd/client/main.go:78.6,79.22 1 0
github.com/NarthurN/SimpleChat/chatClient/cmd/client/main.go:79.22,82.4 2 0
github.com/NarthurN/SimpleChat/chatClient/cmd/client/main.go:83.3,84.75 2 0
github.com/NarthurN/SimpleChat/chatClient/cmd/client/main.go:84.75,86.18 2 0
github.com/NarthurN/SimpleChat/chatClient/cmd/client/main.go:86.18,88.5 1 0
github.com/NarthurN/SimpleChat/chatClient/cmd/client/main.go:89.4,89.9 1 0
github.com/NarthurN/SimpleChat/chatClient/cmd/client/main.go:90.9,92.4 1 0
github.com/NarthurN/SimpleChat/chatClient/cmd/client/main.go:96.2,101.21 3 0
github.com/NarthurN/SimpleChat/chatClient/cmd/client/main.go:101.21,103.17 2 0
github.com/NarthurN/SimpleChat/chatClient/cmd/client/main.go:103.17,104.12 1 0
github.com/NarthurN/SimpleChat/chatClient/cmd/client/main.go:107.3,107.38 1 0
github.com/NarthurN/SimpleChat/chatClient/cmd/client/main.go:107.38,109.9 2 0
github.com/NarthurN/SimpleChat/chatClient/cmd/client/main.go:112.3,112.38 1 0
github.com/NarthurN/SimpleChat/chatClient/cmd/client/main.go:112.38,114.23 2 0
github.com/NarthurN/SimpleChat/chatClient/cmd/client/main.go:114.23,117.5 2 0
github.com/NarthurN/SimpleChat/chatClient/cmd/client/main.go:117.10,119.5 1 0
github.com/NarthurN/SimpleChat/chatClient/cmd/client/main.go:120.9,120.47 1 0
github.com/NarthurN/SimpleChat/chatClient/cmd/client/main.go:120.47,122.23 2 0
github.com/NarthurN/SimpleChat/chatClient/cmd/client/main.go:122.23,127.5 4 0
github.com/NarthurN/SimpleChat/chatClient/cmd/client/main.go:127.10,129.5 1 0
github.com/NarthurN/SimpleChat/chatClient/cmd/client/main.go:130.9,132.4 1 0
github.com/NarthurN/SimpleChat/chatClient/cmd/client/main.go:135.2,135.60 1 0
github.com/NarthurN/SimpleChat/shared/settings/settings.go:12.40,14.28 2 1
github.com/NarthurN/SimpleChat/shared/settings/settings.go:14.28,17.3 2 1
github.com/NarthurN/SimpleChat/shared/settings/settings.go:18.2,18.24 1 1
github.com/NarthurN/SimpleChat/shared/settings/settings.go:22.49,24.37 2 1
github.com/NarthurN/SimpleChat/shared/settings/settings.go:24.37,27.3 2 1
github.com/NarthurN/SimpleChat/shared/settings/settings.go:28.2,28.24 1 1
